This file contains any messages produced by compilers while
running configure, to aid debugging if configure makes a mistake.

It was created by Code2 configure 1.0, which was
generated by GNU Autoconf 2.69.  Invocation command line was

  $ ./configure 

## --------- ##
## Platform. ##
## --------- ##

hostname = WSOvm
uname -m = x86_64
uname -r = 5.8.0-50-generic
uname -s = Linux
uname -v = #56~20.04.1-Ubuntu SMP Mon Apr 12 21:46:35 UTC 2021

/usr/bin/uname -p = x86_64
/bin/uname -X     = unknown

/bin/arch              = x86_64
/usr/bin/arch -k       = unknown
/usr/convex/getsysinfo = unknown
/usr/bin/hostinfo      = unknown
/bin/machine           = unknown
/usr/bin/oslevel       = unknown
/bin/universe          = unknown

PATH: /usr/local/sbin
PATH: /usr/local/bin
PATH: /usr/sbin
PATH: /usr/bin
PATH: /sbin
PATH: /bin
PATH: /usr/games
PATH: /usr/local/games
PATH: /snap/bin


## ----------- ##
## Core tests. ##
## ----------- ##

configure:2267: checking build system type
configure:2281: result: x86_64-pc-linux-gnu
configure:2301: checking host system type
configure:2314: result: x86_64-pc-linux-gnu
configure:2355: checking how to print strings
configure:2382: result: printf
configure:2454: checking for gcc
configure:2470: found /usr/bin/gcc
configure:2481: result: gcc
configure:2710: checking for C compiler version
configure:2719: gcc --version >&5
gcc (Ubuntu 9.3.0-17ubuntu1~20.04) 9.3.0
Copyright (C) 2019 Free Software Foundation, Inc.
This is free software; see the source for copying conditions.  There is NO
warranty; not even for MERCHANTABILITY or FITNESS FOR A PARTICULAR PURPOSE.

configure:2730: $? = 0
configure:2719: gcc -v >&5
Using built-in specs.
COLLECT_GCC=gcc
COLLECT_LTO_WRAPPER=/usr/lib/gcc/x86_64-linux-gnu/9/lto-wrapper
OFFLOAD_TARGET_NAMES=nvptx-none:hsa
OFFLOAD_TARGET_DEFAULT=1
Target: x86_64-linux-gnu
Configured with: ../src/configure -v --with-pkgversion='Ubuntu 9.3.0-17ubuntu1~20.04' --with-bugurl=file:///usr/share/doc/gcc-9/README.Bugs --enable-languages=c,ada,c++,go,brig,d,fortran,objc,obj-c++,gm2 --prefix=/usr --with-gcc-major-version-only --program-suffix=-9 --program-prefix=x86_64-linux-gnu- --enable-shared --enable-linker-build-id --libexecdir=/usr/lib --without-included-gettext --enable-threads=posix --libdir=/usr/lib --enable-nls --enable-clocale=gnu --enable-libstdcxx-debug --enable-libstdcxx-time=yes --with-default-libstdcxx-abi=new --enable-gnu-unique-object --disable-vtable-verify --enable-plugin --enable-default-pie --with-system-zlib --with-target-system-zlib=auto --enable-objc-gc=auto --enable-multiarch --disable-werror --with-arch-32=i686 --with-abi=m64 --with-multilib-list=m32,m64,mx32 --enable-multilib --with-tune=generic --enable-offload-targets=nvptx-none=/build/gcc-9-HskZEa/gcc-9-9.3.0/debian/tmp-nvptx/usr,hsa --without-cuda-driver --enable-checking=release --build=x86_64-linux-gnu --host=x86_64-linux-gnu --target=x86_64-linux-gnu
Thread model: posix
gcc version 9.3.0 (Ubuntu 9.3.0-17ubuntu1~20.04) 
configure:2730: $? = 0
configure:2719: gcc -V >&5
gcc: error: unrecognized command line option '-V'
gcc: fatal error: no input files
compilation terminated.
configure:2730: $? = 1
configure:2719: gcc -qversion >&5
gcc: error: unrecognized command line option '-qversion'; did you mean '--version'?
gcc: fatal error: no input files
compilation terminated.
configure:2730: $? = 1
configure:2750: checking whether the C compiler works
configure:2772: gcc    conftest.c  >&5
configure:2776: $? = 0
configure:2824: result: yes
configure:2827: checking for C compiler default output file name
configure:2829: result: a.out
configure:2835: checking for suffix of executables
configure:2842: gcc -o conftest    conftest.c  >&5
configure:2846: $? = 0
configure:2868: result: 
configure:2890: checking whether we are cross compiling
configure:2898: gcc -o conftest    conftest.c  >&5
configure:2902: $? = 0
configure:2909: ./conftest
configure:2913: $? = 0
configure:2901: result: no
configure:2906: checking for suffix of object files
configure:2928: gcc -c   conftest.c >&5
configure:2932: $? = 0
configure:2953: result: o
configure:2957: checking whether we are using the GNU C compiler
configure:2976: gcc -c   conftest.c >&5
configure:2976: $? = 0
configure:2985: result: yes
configure:2994: checking whether gcc accepts -g
configure:3014: gcc -c -g  conftest.c >&5
configure:3014: $? = 0
configure:3055: result: yes
configure:3072: checking for gcc option to accept ISO C89
configure:3135: gcc  -c -g -O2  conftest.c >&5
configure:3135: $? = 0
configure:3148: result: none needed
configure:3173: checking whether gcc understands -c and -o together
configure:3195: gcc -c conftest.c -o conftest2.o
configure:3198: $? = 0
configure:3195: gcc -c conftest.c -o conftest2.o
configure:3198: $? = 0
configure:3210: result: yes
configure:3227: checking for a sed that does not truncate output
configure:3291: result: /usr/bin/sed
configure:3309: checking for grep that handles long lines and -e
configure:3367: result: /usr/bin/grep
configure:3372: checking for egrep
configure:3434: result: /usr/bin/grep -E
configure:3439: checking for fgrep
configure:3501: result: /usr/bin/grep -F
configure:3536: checking for ld used by gcc
configure:3603: result: /usr/bin/ld
configure:3610: checking if the linker (/usr/bin/ld) is GNU ld
configure:3625: result: yes
configure:3637: checking for BSD- or MS-compatible name lister (nm)
configure:3691: result: /usr/bin/nm -B
configure:3821: checking the name lister (/usr/bin/nm -B) interface
configure:3828: gcc -c -g -O2  conftest.c >&5
configure:3831: /usr/bin/nm -B "conftest.o"
configure:3834: output
0000000000000000 B some_variable
configure:3835: result: BSD nm
configure:3838: checking whether ln -s works
configure:3842: result: yes
configure:3850: checking the maximum length of command line arguments
configure:3981: result: 1572864
configure:4029: checking how to convert x86_64-pc-linux-gnu file names to x86_64-pc-linux-gnu format
configure:4069: result: func_convert_file_noop
configure:4076: checking how to convert x86_64-pc-linux-gnu file names to toolchain format
configure:4096: result: func_convert_file_noop
configure:4103: checking for /usr/bin/ld option to reload object files
configure:4110: result: -r
configure:4184: checking for objdump
configure:4200: found /usr/bin/objdump
configure:4211: result: objdump
configure:4243: checking how to recognize dependent libraries
configure:4443: result: pass_all
configure:4528: checking for dlltool
configure:4558: result: no
configure:4588: checking how to associate runtime and link libraries
configure:4615: result: printf %s\n
configure:4676: checking for ar
configure:4692: found /usr/bin/ar
configure:4703: result: ar
configure:4740: checking for archiver @FILE support
configure:4757: gcc -c -g -O2  conftest.c >&5
configure:4757: $? = 0
configure:4760: ar cru libconftest.a @conftest.lst >&5
ar: `u' modifier ignored since `D' is the default (see `U')
configure:4763: $? = 0
configure:4768: ar cru libconftest.a @conftest.lst >&5
ar: `u' modifier ignored since `D' is the default (see `U')
ar: conftest.o: No such file or directory
configure:4771: $? = 1
configure:4770: result: @
configure:4828: checking for strip
configure:4844: found /usr/bin/strip
configure:4855: result: strip
configure:4927: checking for ranlib
configure:4943: found /usr/bin/ranlib
configure:4954: result: ranlib
configure:5031: checking for gawk
configure:5061: result: no
configure:5031: checking for mawk
configure:5047: found /usr/bin/mawk
configure:5058: result: mawk
configure:5098: checking command to parse /usr/bin/nm -B output from gcc object
configure:5251: gcc -c -g -O2  conftest.c >&5
configure:5254: $? = 0
configure:5258: /usr/bin/nm -B conftest.o \| sed -n -e 's/^.*[ ]\([ABCDGIRSTW][ABCDGIRSTW]*\)[ ][ ]*\([_A-Za-z][_A-Za-z0-9]*\)$/\1 \2 \2/p' | sed '/ __gnu_lto/d' \> conftest.nm
configure:5261: $? = 0
configure:5327: gcc -o conftest -g -O2   conftest.c conftstm.o >&5
configure:5330: $? = 0
configure:5368: result: ok
configure:5415: checking for sysroot
configure:5445: result: no
configure:5452: checking for a working dd
configure:5490: result: /usr/bin/dd
configure:5494: checking how to truncate binary pipes
configure:5509: result: /usr/bin/dd bs=4096 count=1
configure:5645: gcc -c -g -O2  conftest.c >&5
configure:5648: $? = 0
configure:5838: checking for mt
configure:5854: found /usr/bin/mt
configure:5865: result: mt
configure:5888: checking if mt is a manifest tool
configure:5894: mt '-?'
configure:5902: result: no
configure:6579: checking how to run the C preprocessor
configure:6610: gcc -E  conftest.c
configure:6610: $? = 0
configure:6624: gcc -E  conftest.c
conftest.c:9:10: fatal error: ac_nonexistent.h: No such file or directory
    9 | #include <ac_nonexistent.h>
      |          ^~~~~~~~~~~~~~~~~~
compilation terminated.
configure:6624: $? = 1
configure: failed program was:
| /* confdefs.h */
| #define PACKAGE_NAME "Code2"
| #define PACKAGE_TARNAME "code2"
| #define PACKAGE_VERSION "1.0"
| #define PACKAGE_STRING "Code2 1.0"
| #define PACKAGE_BUGREPORT "s95488@pollub.edu.pl"
| #define PACKAGE_URL ""
| /* end confdefs.h.  */
| #include <ac_nonexistent.h>
configure:6649: result: gcc -E
configure:6669: gcc -E  conftest.c
configure:6669: $? = 0
configure:6683: gcc -E  conftest.c
conftest.c:9:10: fatal error: ac_nonexistent.h: No such file or directory
    9 | #include <ac_nonexistent.h>
      |          ^~~~~~~~~~~~~~~~~~
compilation terminated.
configure:6683: $? = 1
configure: failed program was:
| /* confdefs.h */
| #define PACKAGE_NAME "Code2"
| #define PACKAGE_TARNAME "code2"
| #define PACKAGE_VERSION "1.0"
| #define PACKAGE_STRING "Code2 1.0"
| #define PACKAGE_BUGREPORT "s95488@pollub.edu.pl"
| #define PACKAGE_URL ""
| /* end confdefs.h.  */
| #include <ac_nonexistent.h>
configure:6712: checking for ANSI C header files
configure:6732: gcc -c -g -O2  conftest.c >&5
configure:6732: $? = 0
configure:6805: gcc -o conftest -g -O2   conftest.c  >&5
configure:6805: $? = 0
configure:6805: ./conftest
configure:6805: $? = 0
configure:6816: result: yes
configure:6829: checking for sys/types.h
configure:6829: gcc -c -g -O2  conftest.c >&5
configure:6829: $? = 0
configure:6829: result: yes
configure:6829: checking for sys/stat.h
configure:6829: gcc -c -g -O2  conftest.c >&5
configure:6829: $? = 0
configure:6829: result: yes
configure:6829: checking for stdlib.h
configure:6829: gcc -c -g -O2  conftest.c >&5
configure:6829: $? = 0
configure:6829: result: yes
configure:6829: checking for string.h
configure:6829: gcc -c -g -O2  conftest.c >&5
configure:6829: $? = 0
configure:6829: result: yes
configure:6829: checking for memory.h
configure:6829: gcc -c -g -O2  conftest.c >&5
configure:6829: $? = 0
configure:6829: result: yes
configure:6829: checking for strings.h
configure:6829: gcc -c -g -O2  conftest.c >&5
configure:6829: $? = 0
configure:6829: result: yes
configure:6829: checking for inttypes.h
configure:6829: gcc -c -g -O2  conftest.c >&5
configure:6829: $? = 0
configure:6829: result: yes
configure:6829: checking for stdint.h
configure:6829: gcc -c -g -O2  conftest.c >&5
configure:6829: $? = 0
configure:6829: result: yes
configure:6829: checking for unistd.h
configure:6829: gcc -c -g -O2  conftest.c >&5
configure:6829: $? = 0
configure:6829: result: yes
configure:6843: checking for dlfcn.h
configure:6843: gcc -c -g -O2  conftest.c >&5
configure:6843: $? = 0
configure:6843: result: yes
configure:7099: checking for objdir
configure:7114: result: .libs
configure:7378: checking if gcc supports -fno-rtti -fno-exceptions
configure:7396: gcc -c -g -O2  -fno-rtti -fno-exceptions conftest.c >&5
cc1: warning: command line option '-fno-rtti' is valid for C++/D/ObjC++ but not for C
configure:7400: $? = 0
configure:7413: result: no
configure:7771: checking for gcc option to produce PIC
configure:7778: result: -fPIC -DPIC
configure:7786: checking if gcc PIC flag -fPIC -DPIC works
configure:7804: gcc -c -g -O2  -fPIC -DPIC -DPIC conftest.c >&5
configure:7808: $? = 0
configure:7821: result: yes
configure:7850: checking if gcc static flag -static works
configure:7878: result: yes
configure:7893: checking if gcc supports -c -o file.o
configure:7914: gcc -c -g -O2  -o out/conftest2.o conftest.c >&5
configure:7918: $? = 0
configure:7940: result: yes
configure:7948: checking if gcc supports -c -o file.o
configure:7995: result: yes
configure:8028: checking whether the gcc linker (/usr/bin/ld -m elf_x86_64) supports shared libraries
configure:9287: result: yes
configure:9324: checking whether -lc should be explicitly linked in
configure:9332: gcc -c -g -O2  conftest.c >&5
configure:9335: $? = 0
configure:9350: gcc -shared  -fPIC -DPIC conftest.o  -v -Wl,-soname -Wl,conftest -o conftest 2\>\&1 \| /usr/bin/grep  -lc  \>/dev/null 2\>\&1
configure:9353: $? = 0
configure:9367: result: no
configure:9527: checking dynamic linker characteristics
configure:10108: gcc -o conftest -g -O2   -Wl,-rpath -Wl,/foo conftest.c  >&5
configure:10108: $? = 0
configure:10345: result: GNU/Linux ld.so
configure:10467: checking how to hardcode library paths into programs
configure:10492: result: immediate
configure:11040: checking whether stripping libraries is possible
configure:11045: result: yes
configure:11080: checking if libtool supports shared libraries
configure:11082: result: yes
configure:11085: checking whether to build shared libraries
configure:11110: result: yes
configure:11113: checking whether to build static libraries
configure:11117: result: yes
configure:7962: checking for a BSD-compatible install
configure:8030: result: /usr/bin/install -c
configure:8041: checking whether build environment is sane
configure:8096: result: yes
configure:8242: checking for a thread-safe mkdir -p
configure:8281: result: /usr/bin/mkdir -p
configure:8284: checking whether make sets $(MAKE)
configure:8306: result: yes
configure:8328: checking whether make supports the include directive
configure:8343: make -f confmf.GNU && cat confinc.out
this is the am__doit target
configure:8346: $? = 0
configure:8365: result: yes (GNU style)
configure:8398: checking whether make supports nested variables
configure:8415: result: yes
configure:8500: checking dependency style of gcc
configure:8611: result: gcc3
configure:8719: checking for gcc
configure:8746: result: gcc
configure:8975: checking for C compiler version
configure:8984: gcc --version >&5
gcc (Ubuntu 9.3.0-17ubuntu1~20.04) 9.3.0
Copyright (C) 2019 Free Software Foundation, Inc.
This is free software; see the source for copying conditions.  There is NO
warranty; not even for MERCHANTABILITY or FITNESS FOR A PARTICULAR PURPOSE.

configure:8995: $? = 0
configure:8984: gcc -v >&5
Using built-in specs.
COLLECT_GCC=gcc
COLLECT_LTO_WRAPPER=/usr/lib/gcc/x86_64-linux-gnu/9/lto-wrapper
OFFLOAD_TARGET_NAMES=nvptx-none:hsa
OFFLOAD_TARGET_DEFAULT=1
Target: x86_64-linux-gnu
Configured with: ../src/configure -v --with-pkgversion='Ubuntu 9.3.0-17ubuntu1~20.04' --with-bugurl=file:///usr/share/doc/gcc-9/README.Bugs --enable-languages=c,ada,c++,go,brig,d,fortran,objc,obj-c++,gm2 --prefix=/usr --with-gcc-major-version-only --program-suffix=-9 --program-prefix=x86_64-linux-gnu- --enable-shared --enable-linker-build-id --libexecdir=/usr/lib --without-included-gettext --enable-threads=posix --libdir=/usr/lib --enable-nls --enable-clocale=gnu --enable-libstdcxx-debug --enable-libstdcxx-time=yes --with-default-libstdcxx-abi=new --enable-gnu-unique-object --disable-vtable-verify --enable-plugin --enable-default-pie --with-system-zlib --with-target-system-zlib=auto --enable-objc-gc=auto --enable-multiarch --disable-werror --with-arch-32=i686 --with-abi=m64 --with-multilib-list=m32,m64,mx32 --enable-multilib --with-tune=generic --enable-offload-targets=nvptx-none=/build/gcc-9-HskZEa/gcc-9-9.3.0/debian/tmp-nvptx/usr,hsa --without-cuda-driver --enable-checking=release --build=x86_64-linux-gnu --host=x86_64-linux-gnu --target=x86_64-linux-gnu
Thread model: posix
gcc version 9.3.0 (Ubuntu 9.3.0-17ubuntu1~20.04) 
configure:8995: $? = 0
configure:8984: gcc -V >&5
gcc: error: unrecognized command line option '-V'
gcc: fatal error: no input files
compilation terminated.
configure:8995: $? = 1
configure:8984: gcc -qversion >&5
gcc: error: unrecognized command line option '-qversion'; did you mean '--version'?
gcc: fatal error: no input files
compilation terminated.
configure:8995: $? = 1
configure:8999: checking whether we are using the GNU C compiler
configure:9027: result: yes
configure:9036: checking whether gcc accepts -g
configure:9097: result: yes
configure:9114: checking for gcc option to accept ISO C89
configure:9190: result: none needed
configure:9215: checking whether gcc understands -c and -o together
configure:9252: result: yes
configure:9269: checking whether make sets $(MAKE)
configure:9291: result: yes
configure:9304: checking for stdlib.h
configure:9304: result: yes
configure:9456: checking that generated files are newer than configure
configure:9462: result: done
configure:9485: creating ./config.status

## ---------------------- ##
## Running config.status. ##
## ---------------------- ##

This file was extended by Code2 config.status 1.0, which was
generated by GNU Autoconf 2.69.  Invocation command line was

  CONFIG_FILES    = 
  CONFIG_HEADERS  = 
  CONFIG_LINKS    = 
  CONFIG_COMMANDS = 
  $ ./config.status 

on WSOvm

config.status:1002: creating Makefile
config.status:1174: executing libtool commands
config.status:1174: executing depfiles commands
config.status:1794: cd .       && sed -e '/# am--include-marker/d' Makefile         | make -f - am--depfiles
make: Nothing to be done for 'am--depfiles'.
config.status:1799: $? = 0

## ---------------- ##
## Cache variables. ##
## ---------------- ##

ac_cv_build=x86_64-pc-linux-gnu
ac_cv_c_compiler_gnu=yes
ac_cv_env_CC_set=
ac_cv_env_CC_value=
ac_cv_env_CFLAGS_set=
ac_cv_env_CFLAGS_value=
ac_cv_env_CPPFLAGS_set=
ac_cv_env_CPPFLAGS_value=
ac_cv_env_CPP_set=
ac_cv_env_CPP_value=
ac_cv_env_LDFLAGS_set=
ac_cv_env_LDFLAGS_value=
ac_cv_env_LIBS_set=
ac_cv_env_LIBS_value=
ac_cv_env_LT_SYS_LIBRARY_PATH_set=
ac_cv_env_LT_SYS_LIBRARY_PATH_value=
ac_cv_env_build_alias_set=
ac_cv_env_build_alias_value=
ac_cv_env_host_alias_set=
ac_cv_env_host_alias_value=
ac_cv_env_target_alias_set=
ac_cv_env_target_alias_value=
ac_cv_header_dlfcn_h=yes
ac_cv_header_inttypes_h=yes
ac_cv_header_memory_h=yes
ac_cv_header_stdc=yes
ac_cv_header_stdint_h=yes
ac_cv_header_stdlib_h=yes
ac_cv_header_string_h=yes
ac_cv_header_strings_h=yes
ac_cv_header_sys_stat_h=yes
ac_cv_header_sys_types_h=yes
ac_cv_header_unistd_h=yes
ac_cv_host=x86_64-pc-linux-gnu
ac_cv_objext=o
ac_cv_path_EGREP='/usr/bin/grep -E'
ac_cv_path_FGREP='/usr/bin/grep -F'
ac_cv_path_GREP=/usr/bin/grep
ac_cv_path_SED=/usr/bin/sed
ac_cv_path_install='/usr/bin/install -c'
ac_cv_path_lt_DD=/usr/bin/dd
ac_cv_path_mkdir=/usr/bin/mkdir
ac_cv_prog_AWK=mawk
ac_cv_prog_CPP='gcc -E'
ac_cv_prog_ac_ct_AR=ar
ac_cv_prog_ac_ct_CC=gcc
ac_cv_prog_ac_ct_MANIFEST_TOOL=mt
ac_cv_prog_ac_ct_OBJDUMP=objdump
ac_cv_prog_ac_ct_RANLIB=ranlib
ac_cv_prog_ac_ct_STRIP=strip
ac_cv_prog_cc_c89=
ac_cv_prog_cc_g=yes
ac_cv_prog_make_make_set=yes
am_cv_CC_dependencies_compiler_type=gcc3
am_cv_make_support_nested_variables=yes
am_cv_prog_cc_c_o=yes
lt_cv_ar_at_file=@
lt_cv_archive_cmds_need_lc=no
lt_cv_deplibs_check_method=pass_all
lt_cv_file_magic_cmd='$MAGIC_CMD'
lt_cv_file_magic_test_file=
lt_cv_ld_reload_flag=-r
lt_cv_nm_interface='BSD nm'
lt_cv_objdir=.libs
lt_cv_path_LD=/usr/bin/ld
lt_cv_path_NM='/usr/bin/nm -B'
lt_cv_path_mainfest_tool=no
lt_cv_prog_compiler_c_o=yes
lt_cv_prog_compiler_pic='-fPIC -DPIC'
lt_cv_prog_compiler_pic_works=yes
lt_cv_prog_compiler_rtti_exceptions=no
lt_cv_prog_compiler_static_works=yes
lt_cv_prog_gnu_ld=yes
lt_cv_sharedlib_from_linklib_cmd='printf %s\n'
lt_cv_shlibpath_overrides_runpath=yes
lt_cv_sys_global_symbol_pipe='sed -n -e '\''s/^.*[	 ]\([ABCDGIRSTW][ABCDGIRSTW]*\)[	 ][	 ]*\([_A-Za-z][_A-Za-z0-9]*\)$/\1 \2 \2/p'\'' | sed '\''/ __gnu_lto/d'\'''
lt_cv_sys_global_symbol_to_c_name_address='sed -n -e '\''s/^: \(.*\) .*$/  {"\1", (void *) 0},/p'\'' -e '\''s/^[ABCDGIRSTW][ABCDGIRSTW]* .* \(.*\)$/  {"\1", (void *) \&\1},/p'\'''
lt_cv_sys_global_symbol_to_c_name_address_lib_prefix='sed -n -e '\''s/^: \(.*\) .*$/  {"\1", (void *) 0},/p'\'' -e '\''s/^[ABCDGIRSTW][ABCDGIRSTW]* .* \(lib.*\)$/  {"\1", (void *) \&\1},/p'\'' -e '\''s/^[ABCDGIRSTW][ABCDGIRSTW]* .* \(.*\)$/  {"lib\1", (void *) \&\1},/p'\'''
lt_cv_sys_global_symbol_to_cdecl='sed -n -e '\''s/^T .* \(.*\)$/extern int \1();/p'\'' -e '\''s/^[ABCDGIRSTW][ABCDGIRSTW]* .* \(.*\)$/extern char \1;/p'\'''
lt_cv_sys_global_symbol_to_import=
lt_cv_sys_max_cmd_len=1572864
lt_cv_to_host_file_cmd=func_convert_file_noop
lt_cv_to_tool_file_cmd=func_convert_file_noop
lt_cv_truncate_bin='/usr/bin/dd bs=4096 count=1'

## ----------------- ##
## Output variables. ##
## ----------------- ##

ACLOCAL='${SHELL} /home/student/a+/Zad2/missing aclocal-1.16'
AMDEPBACKSLASH='\'
AMDEP_FALSE='#'
AMDEP_TRUE=''
AMTAR='$${TAR-tar}'
AM_BACKSLASH='\'
AM_DEFAULT_V='$(AM_DEFAULT_VERBOSITY)'
AM_DEFAULT_VERBOSITY='1'
AM_V='$(V)'
AR='ar'
AUTOCONF='${SHELL} /home/student/a+/Zad2/missing autoconf'
AUTOHEADER='${SHELL} /home/student/a+/Zad2/missing autoheader'
AUTOMAKE='${SHELL} /home/student/a+/Zad2/missing automake-1.16'
AWK='mawk'
CC='gcc'
CCDEPMODE='depmode=gcc3'
CFLAGS='-g -O2'
CPP='gcc -E'
CPPFLAGS=''
CYGPATH_W='echo'
DEFS='-DPACKAGE_NAME=\"Code2\" -DPACKAGE_TARNAME=\"code2\" -DPACKAGE_VERSION=\"1.0\" -DPACKAGE_STRING=\"Code2\ 1.0\" -DPACKAGE_BUGREPORT=\"s95488@pollub.edu.pl\" -DPACKAGE_URL=\"\" -DSTDC_HEADERS=1 -DHAVE_SYS_TYPES_H=1 -DHAVE_SYS_STAT_H=1 -DHAVE_STDLIB_H=1 -DHAVE_STRING_H=1 -DHAVE_MEMORY_H=1 -DHAVE_STRINGS_H=1 -DHAVE_INTTYPES_H=1 -DHAVE_STDINT_H=1 -DHAVE_UNISTD_H=1 -DHAVE_DLFCN_H=1 -DLT_OBJDIR=\".libs/\" -DPACKAGE=\"code2\" -DVERSION=\"1.0\" -DHAVE_STDLIB_H=1'
DEPDIR='.deps'
DLLTOOL='false'
DSYMUTIL=''
DUMPBIN=''
ECHO_C=''
ECHO_N='-n'
ECHO_T=''
EGREP='/usr/bin/grep -E'
EXEEXT=''
FGREP='/usr/bin/grep -F'
GREP='/usr/bin/grep'
INSTALL_DATA='${INSTALL} -m 644'
INSTALL_PROGRAM='${INSTALL}'
INSTALL_SCRIPT='${INSTALL}'
INSTALL_STRIP_PROGRAM='$(install_sh) -c -s'
LD='/usr/bin/ld -m elf_x86_64'
LDFLAGS=''
LIBOBJS=''
LIBS=''
LIBTOOL='$(SHELL) $(top_builddir)/libtool'
LIPO=''
LN_S='ln -s'
LTLIBOBJS=''
LT_SYS_LIBRARY_PATH=''
MAKEINFO='${SHELL} /home/student/a+/Zad2/missing makeinfo'
MANIFEST_TOOL=':'
MKDIR_P='/usr/bin/mkdir -p'
NM='/usr/bin/nm -B'
NMEDIT=''
OBJDUMP='objdump'
OBJEXT='o'
OTOOL64=''
OTOOL=''
PACKAGE='code2'
PACKAGE_BUGREPORT='s95488@pollub.edu.pl'
PACKAGE_NAME='Code2'
PACKAGE_STRING='Code2 1.0'
PACKAGE_TARNAME='code2'
PACKAGE_URL=''
PACKAGE_VERSION='1.0'
PATH_SEPARATOR=':'
RANLIB='ranlib'
SED='/usr/bin/sed'
SET_MAKE=''
SHELL='/bin/bash'
STRIP='strip'
VERSION='1.0'
ac_ct_AR='ar'
ac_ct_CC='gcc'
ac_ct_DUMPBIN=''
am__EXEEXT_FALSE=''
am__EXEEXT_TRUE='#'
am__fastdepCC_FALSE='#'
am__fastdepCC_TRUE=''
am__include='include'
am__isrc=''
am__leading_dot='.'
am__nodep='_no'
am__quote=''
am__tar='$${TAR-tar} chof - "$$tardir"'
am__untar='$${TAR-tar} xf -'
bindir='${exec_prefix}/bin'
build='x86_64-pc-linux-gnu'
build_alias=''
build_cpu='x86_64'
build_os='linux-gnu'
build_vendor='pc'
datadir='${datarootdir}'
datarootdir='${prefix}/share'
docdir='${datarootdir}/doc/${PACKAGE_TARNAME}'
dvidir='${docdir}'
exec_prefix='${prefix}'
host='x86_64-pc-linux-gnu'
host_alias=''
host_cpu='x86_64'
host_os='linux-gnu'
host_vendor='pc'
htmldir='${docdir}'
includedir='${prefix}/include'
infodir='${datarootdir}/info'
install_sh='${SHELL} /home/student/a+/Zad2/install-sh'
libdir='${exec_prefix}/lib'
libexecdir='${exec_prefix}/libexec'
localedir='${datarootdir}/locale'
localstatedir='${prefix}/var'
mandir='${datarootdir}/man'
mkdir_p='$(MKDIR_P)'
oldincludedir='/usr/include'
pdfdir='${docdir}'
prefix='/usr/local'
program_transform_name='s,x,x,'
psdir='${docdir}'
sbindir='${exec_prefix}/sbin'
sharedstatedir='${prefix}/com'
sysconfdir='${prefix}/etc'
target_alias=''

## ----------- ##
## confdefs.h. ##
## ----------- ##

/* confdefs.h */
#define PACKAGE_NAME "Code2"
#define PACKAGE_TARNAME "code2"
#define PACKAGE_VERSION "1.0"
#define PACKAGE_STRING "Code2 1.0"
#define PACKAGE_BUGREPORT "s95488@pollub.edu.pl"
#define PACKAGE_URL ""
#define STDC_HEADERS 1
#define HAVE_SYS_TYPES_H 1
#define HAVE_SYS_STAT_H 1
#define HAVE_STDLIB_H 1
#define HAVE_STRING_H 1
#define HAVE_MEMORY_H 1
#define HAVE_STRINGS_H 1
#define HAVE_INTTYPES_H 1
#define HAVE_STDINT_H 1
#define HAVE_UNISTD_H 1
#define HAVE_DLFCN_H 1
#define LT_OBJDIR ".libs/"
#define PACKAGE "code2"
#define VERSION "1.0"
#define HAVE_STDLIB_H 1

configure: exit 0
